# JRE version: Java(TM) SE Runtime Environment (8.0_221-b11) (build 1.8.0_221-b11)
# Java VM: Java HotSpot(TM) 64-Bit Server VM (25.221-b11 mixed mode bsd-amd64 compressed oops)
Heap:
 PSYoungGen      total 58880K, used 39239K [0x0000000795580000, 0x000000079a400000, 0x00000007c0000000)
  eden space 57856K, 66% used [0x0000000795580000,0x0000000797b31fd8,0x0000000798e00000)
  from space 1024K, 62% used [0x000000079a300000,0x000000079a3a0000,0x000000079a400000)
  to   space 1536K, 0% used [0x000000079a100000,0x000000079a100000,0x000000079a280000)
 ParOldGen       total 87552K, used 43443K [0x0000000740000000, 0x0000000745580000, 0x0000000795580000)
  object space 87552K, 49% used [0x0000000740000000,0x0000000742a6cef8,0x0000000745580000)
 Metaspace       used 15313K, capacity 15650K, committed 15872K, reserved 1062912K
  class space    used 1640K, capacity 1748K, committed 1792K, reserved 1048576K
GC Heap History (10 events):
Event: 1105.708 GC heap before
{Heap before GC invocations=8708 (full 0):
 PSYoungGen      total 67584K, used 67328K [0x0000000795580000, 0x000000079a680000, 0x00000007c0000000)
  eden space 66560K, 100% used [0x0000000795580000,0x0000000799680000,0x0000000799680000)
  from space 1024K, 75% used [0x000000079a400000,0x000000079a4c0000,0x000000079a500000)
  to   space 1536K, 0% used [0x000000079a500000,0x000000079a500000,0x000000079a680000)
 ParOldGen       total 87552K, used 38549K [0x0000000740000000, 0x0000000745580000, 0x0000000795580000)
  object space 87552K, 44% used [0x0000000740000000,0x00000007425a54d8,0x0000000745580000)
 Metaspace       used 15310K, capacity 15650K, committed 15872K, reserved 1062912K
  class space    used 1639K, capacity 1748K, committed 1792K, reserved 1048576K
Event: 1105.725 GC heap after
Heap after GC invocations=8708 (full 0):
 PSYoungGen      total 65536K, used 736K [0x0000000795580000, 0x000000079a600000, 0x00000007c0000000)
  eden space 64512K, 0% used [0x0000000795580000,0x0000000795580000,0x0000000799480000)
  from space 1024K, 71% used [0x000000079a500000,0x000000079a5b8000,0x000000079a600000)
  to   space 1536K, 0% used [0x000000079a300000,0x000000079a300000,0x000000079a480000)
 ParOldGen       total 87552K, used 43411K [0x0000000740000000, 0x0000000745580000, 0x0000000795580000)
  object space 87552K, 49% used [0x0000000740000000,0x0000000742a64ef8,0x0000000745580000)
 Metaspace       used 15310K, capacity 15650K, committed 15872K, reserved 1062912K
  class space    used 1639K, capacity 1748K, committed 1792K, reserved 1048576K
}
Event: 1106.087 GC heap before
{Heap before GC invocations=8709 (full 0):
 PSYoungGen      total 65536K, used 65248K [0x0000000795580000, 0x000000079a600000, 0x00000007c0000000)
  eden space 64512K, 100% used [0x0000000795580000,0x0000000799480000,0x0000000799480000)
  from space 1024K, 71% used [0x000000079a500000,0x000000079a5b8000,0x000000079a600000)
  to   space 1536K, 0% used [0x000000079a300000,0x000000079a300000,0x000000079a480000)
 ParOldGen       total 87552K, used 43411K [0x0000000740000000, 0x0000000745580000, 0x0000000795580000)
  object space 87552K, 49% used [0x0000000740000000,0x0000000742a64ef8,0x0000000745580000)
 Metaspace       used 15310K, capacity 15650K, committed 15872K, reserved 1062912K
  class space    used 1639K, capacity 1748K, committed 1792K, reserved 1048576K
Event: 1106.089 GC heap after
Heap after GC invocations=8709 (full 0):
 PSYoungGen      total 63488K, used 736K [0x0000000795580000, 0x000000079a580000, 0x00000007c0000000)
  eden space 62464K, 0% used [0x0000000795580000,0x0000000795580000,0x0000000799280000)
  from space 1024K, 71% used [0x000000079a300000,0x000000079a3b8000,0x000000079a400000)
  to   space 1536K, 0% used [0x000000079a400000,0x000000079a400000,0x000000079a580000)
 ParOldGen       total 87552K, used 43435K [0x0000000740000000, 0x0000000745580000, 0x0000000795580000)
  object space 87552K, 49% used [0x0000000740000000,0x0000000742a6aef8,0x0000000745580000)
 Metaspace       used 15310K, capacity 15650K, committed 15872K, reserved 1062912K
  class space    used 1639K, capacity 1748K, committed 1792K, reserved 1048576K
}
Event: 1107.136 GC heap before
{Heap before GC invocations=8710 (full 0):
 PSYoungGen      total 63488K, used 63200K [0x0000000795580000, 0x000000079a580000, 0x00000007c0000000)
  eden space 62464K, 100% used [0x0000000795580000,0x0000000799280000,0x0000000799280000)
  from space 1024K, 71% used [0x000000079a300000,0x000000079a3b8000,0x000000079a400000)
  to   space 1536K, 0% used [0x000000079a400000,0x000000079a400000,0x000000079a580000)
 ParOldGen       total 87552K, used 43435K [0x0000000740000000, 0x0000000745580000, 0x0000000795580000)
  object space 87552K, 49% used [0x0000000740000000,0x0000000742a6aef8,0x0000000745580000)
 Metaspace       used 15310K, capacity 15650K, committed 15872K, reserved 1062912K
  class space    used 1639K, capacity 1748K, committed 1792K, reserved 1048576K
Event: 1107.148 GC heap after
Heap after GC invocations=8710 (full 0):
 PSYoungGen      total 61440K, used 128K [0x0000000795580000, 0x000000079a480000, 0x00000007c0000000)
  eden space 60928K, 0% used [0x0000000795580000,0x0000000795580000,0x0000000799100000)
  from space 512K, 25% used [0x000000079a400000,0x000000079a420000,0x000000079a480000)
  to   space 1536K, 0% used [0x000000079a180000,0x000000079a180000,0x000000079a300000)
 ParOldGen       total 87552K, used 43443K [0x0000000740000000, 0x0000000745580000, 0x0000000795580000)
  object space 87552K, 49% used [0x0000000740000000,0x0000000742a6cef8,0x0000000745580000)
 Metaspace       used 15310K, capacity 15650K, committed 15872K, reserved 1062912K
  class space    used 1639K, capacity 1748K, committed 1792K, reserved 1048576K
}
Event: 1108.241 GC heap before
{Heap before GC invocations=8711 (full 0):
 PSYoungGen      total 61440K, used 61056K [0x0000000795580000, 0x000000079a480000, 0x00000007c0000000)
  eden space 60928K, 100% used [0x0000000795580000,0x0000000799100000,0x0000000799100000)
  from space 512K, 25% used [0x000000079a400000,0x000000079a420000,0x000000079a480000)
  to   space 1536K, 0% used [0x000000079a180000,0x000000079a180000,0x000000079a300000)
 ParOldGen       total 87552K, used 43443K [0x0000000740000000, 0x0000000745580000, 0x0000000795580000)
  object space 87552K, 49% used [0x0000000740000000,0x0000000742a6cef8,0x0000000745580000)
 Metaspace       used 15310K, capacity 15650K, committed 15872K, reserved 1062912K
  class space    used 1639K, capacity 1748K, committed 1792K, reserved 1048576K
Event: 1108.243 GC heap after
Heap after GC invocations=8711 (full 0):
 PSYoungGen      total 60928K, used 192K [0x0000000795580000, 0x000000079a480000, 0x00000007c0000000)
  eden space 59392K, 0% used [0x0000000795580000,0x0000000795580000,0x0000000798f80000)
  from space 1536K, 12% used [0x000000079a180000,0x000000079a1b0000,0x000000079a300000)
  to   space 1536K, 0% used [0x000000079a300000,0x000000079a300000,0x000000079a480000)
 ParOldGen       total 87552K, used 43443K [0x0000000740000000, 0x0000000745580000, 0x0000000795580000)
  object space 87552K, 49% used [0x0000000740000000,0x0000000742a6cef8,0x0000000745580000)
 Metaspace       used 15310K, capacity 15650K, committed 15872K, reserved 1062912K
  class space    used 1639K, capacity 1748K, committed 1792K, reserved 1048576K
}
Event: 1109.743 GC heap before
{Heap before GC invocations=8712 (full 0):
 PSYoungGen      total 60928K, used 59584K [0x0000000795580000, 0x000000079a480000, 0x00000007c0000000)
  eden space 59392K, 100% used [0x0000000795580000,0x0000000798f80000,0x0000000798f80000)
  from space 1536K, 12% used [0x000000079a180000,0x000000079a1b0000,0x000000079a300000)
  to   space 1536K, 0% used [0x000000079a300000,0x000000079a300000,0x000000079a480000)
 ParOldGen       total 87552K, used 43443K [0x0000000740000000, 0x0000000745580000, 0x0000000795580000)
  object space 87552K, 49% used [0x0000000740000000,0x0000000742a6cef8,0x0000000745580000)
 Metaspace       used 15310K, capacity 15650K, committed 15872K, reserved 1062912K
  class space    used 1639K, capacity 1748K, committed 1792K, reserved 1048576K
Event: 1109.758 GC heap after
Heap after GC invocations=8712 (full 0):
 PSYoungGen      total 58880K, used 640K [0x0000000795580000, 0x000000079a400000, 0x00000007c0000000)
  eden space 57856K, 0% used [0x0000000795580000,0x0000000795580000,0x0000000798e00000)
  from space 1024K, 62% used [0x000000079a300000,0x000000079a3a0000,0x000000079a400000)
  to   space 1536K, 0% used [0x000000079a100000,0x000000079a100000,0x000000079a280000)
 ParOldGen       total 87552K, used 43443K [0x0000000740000000, 0x0000000745580000, 0x0000000795580000)
  object space 87552K, 49% used [0x0000000740000000,0x0000000742a6cef8,0x0000000745580000)
 Metaspace       used 15310K, capacity 15650K, committed 15872K, reserved 1062912K
  class space    used 1639K, capacity 1748K, committed 1792K, reserved 1048576K
}

