# JRE version: Java(TM) SE Runtime Environment (8.0_221-b11) (build 1.8.0_221-b11)
# Java VM: Java HotSpot(TM) 64-Bit Server VM (25.221-b11 mixed mode bsd-amd64 compressed oops)
Heap:
 PSYoungGen      total 147968K, used 121493K [0x0000000795580000, 0x00000007b5700000, 0x00000007c0000000)
  eden space 147456K, 82% used [0x0000000795580000,0x000000079cc057d0,0x000000079e580000)
  from space 512K, 25% used [0x00000007b5600000,0x00000007b5620000,0x00000007b5680000)
  to   space 512K, 0% used [0x00000007b5680000,0x00000007b5680000,0x00000007b5700000)
 ParOldGen       total 87552K, used 41503K [0x0000000740000000, 0x0000000745580000, 0x0000000795580000)
  object space 87552K, 47% used [0x0000000740000000,0x0000000742887c98,0x0000000745580000)
 Metaspace       used 15140K, capacity 15488K, committed 15872K, reserved 1062912K
  class space    used 1613K, capacity 1715K, committed 1792K, reserved 1048576K
GC Heap History (10 events):
Event: 2181.262 GC heap before
{Heap before GC invocations=13087 (full 0):
 PSYoungGen      total 92672K, used 92288K [0x0000000795580000, 0x00000007b5700000, 0x00000007c0000000)
  eden space 92160K, 100% used [0x0000000795580000,0x000000079af80000,0x000000079af80000)
  from space 512K, 25% used [0x00000007b5680000,0x00000007b56a0000,0x00000007b5700000)
  to   space 512K, 0% used [0x00000007b5600000,0x00000007b5600000,0x00000007b5680000)
 ParOldGen       total 87552K, used 41503K [0x0000000740000000, 0x0000000745580000, 0x0000000795580000)
  object space 87552K, 47% used [0x0000000740000000,0x0000000742887c98,0x0000000745580000)
 Metaspace       used 15112K, capacity 15424K, committed 15616K, reserved 1062912K
  class space    used 1610K, capacity 1715K, committed 1792K, reserved 1048576K
Event: 2181.263 GC heap after
Heap after GC invocations=13087 (full 0):
 PSYoungGen      total 111104K, used 64K [0x0000000795580000, 0x00000007b5700000, 0x00000007c0000000)
  eden space 110592K, 0% used [0x0000000795580000,0x0000000795580000,0x000000079c180000)
  from space 512K, 12% used [0x00000007b5600000,0x00000007b5610000,0x00000007b5680000)
  to   space 512K, 0% used [0x00000007b5680000,0x00000007b5680000,0x00000007b5700000)
 ParOldGen       total 87552K, used 41503K [0x0000000740000000, 0x0000000745580000, 0x0000000795580000)
  object space 87552K, 47% used [0x0000000740000000,0x0000000742887c98,0x0000000745580000)
 Metaspace       used 15112K, capacity 15424K, committed 15616K, reserved 1062912K
  class space    used 1610K, capacity 1715K, committed 1792K, reserved 1048576K
}
Event: 2181.563 GC heap before
{Heap before GC invocations=13088 (full 0):
 PSYoungGen      total 111104K, used 110656K [0x0000000795580000, 0x00000007b5700000, 0x00000007c0000000)
  eden space 110592K, 100% used [0x0000000795580000,0x000000079c180000,0x000000079c180000)
  from space 512K, 12% used [0x00000007b5600000,0x00000007b5610000,0x00000007b5680000)
  to   space 512K, 0% used [0x00000007b5680000,0x00000007b5680000,0x00000007b5700000)
 ParOldGen       total 87552K, used 41503K [0x0000000740000000, 0x0000000745580000, 0x0000000795580000)
  object space 87552K, 47% used [0x0000000740000000,0x0000000742887c98,0x0000000745580000)
 Metaspace       used 15112K, capacity 15424K, committed 15616K, reserved 1062912K
  class space    used 1610K, capacity 1715K, committed 1792K, reserved 1048576K
Event: 2181.564 GC heap after
Heap after GC invocations=13088 (full 0):
 PSYoungGen      total 133632K, used 192K [0x0000000795580000, 0x00000007b5700000, 0x00000007c0000000)
  eden space 133120K, 0% used [0x0000000795580000,0x0000000795580000,0x000000079d780000)
  from space 512K, 37% used [0x00000007b5680000,0x00000007b56b0000,0x00000007b5700000)
  to   space 512K, 0% used [0x00000007b5600000,0x00000007b5600000,0x00000007b5680000)
 ParOldGen       total 87552K, used 41503K [0x0000000740000000, 0x0000000745580000, 0x0000000795580000)
  object space 87552K, 47% used [0x0000000740000000,0x0000000742887c98,0x0000000745580000)
 Metaspace       used 15112K, capacity 15424K, committed 15616K, reserved 1062912K
  class space    used 1610K, capacity 1715K, committed 1792K, reserved 1048576K
}
Event: 2181.911 GC heap before
{Heap before GC invocations=13089 (full 0):
 PSYoungGen      total 133632K, used 133312K [0x0000000795580000, 0x00000007b5700000, 0x00000007c0000000)
  eden space 133120K, 100% used [0x0000000795580000,0x000000079d780000,0x000000079d780000)
  from space 512K, 37% used [0x00000007b5680000,0x00000007b56b0000,0x00000007b5700000)
  to   space 512K, 0% used [0x00000007b5600000,0x00000007b5600000,0x00000007b5680000)
 ParOldGen       total 87552K, used 41503K [0x0000000740000000, 0x0000000745580000, 0x0000000795580000)
  object space 87552K, 47% used [0x0000000740000000,0x0000000742887c98,0x0000000745580000)
 Metaspace       used 15112K, capacity 15424K, committed 15616K, reserved 1062912K
  class space    used 1610K, capacity 1715K, committed 1792K, reserved 1048576K
Event: 2181.913 GC heap after
Heap after GC invocations=13089 (full 0):
 PSYoungGen      total 160256K, used 96K [0x0000000795580000, 0x00000007b5700000, 0x00000007c0000000)
  eden space 159744K, 0% used [0x0000000795580000,0x0000000795580000,0x000000079f180000)
  from space 512K, 18% used [0x00000007b5600000,0x00000007b5618000,0x00000007b5680000)
  to   space 512K, 0% used [0x00000007b5680000,0x00000007b5680000,0x00000007b5700000)
 ParOldGen       total 87552K, used 41503K [0x0000000740000000, 0x0000000745580000, 0x0000000795580000)
  object space 87552K, 47% used [0x0000000740000000,0x0000000742887c98,0x0000000745580000)
 Metaspace       used 15112K, capacity 15424K, committed 15616K, reserved 1062912K
  class space    used 1610K, capacity 1715K, committed 1792K, reserved 1048576K
}
Event: 2183.124 GC heap before
{Heap before GC invocations=13090 (full 0):
 PSYoungGen      total 160256K, used 159840K [0x0000000795580000, 0x00000007b5700000, 0x00000007c0000000)
  eden space 159744K, 100% used [0x0000000795580000,0x000000079f180000,0x000000079f180000)
  from space 512K, 18% used [0x00000007b5600000,0x00000007b5618000,0x00000007b5680000)
  to   space 512K, 0% used [0x00000007b5680000,0x00000007b5680000,0x00000007b5700000)
 ParOldGen       total 87552K, used 41503K [0x0000000740000000, 0x0000000745580000, 0x0000000795580000)
  object space 87552K, 47% used [0x0000000740000000,0x0000000742887c98,0x0000000745580000)
 Metaspace       used 15112K, capacity 15424K, committed 15616K, reserved 1062912K
  class space    used 1610K, capacity 1715K, committed 1792K, reserved 1048576K
Event: 2183.126 GC heap after
Heap after GC invocations=13090 (full 0):
 PSYoungGen      total 154112K, used 160K [0x0000000795580000, 0x00000007b5700000, 0x00000007c0000000)
  eden space 153600K, 0% used [0x0000000795580000,0x0000000795580000,0x000000079eb80000)
  from space 512K, 31% used [0x00000007b5680000,0x00000007b56a8000,0x00000007b5700000)
  to   space 512K, 0% used [0x00000007b5600000,0x00000007b5600000,0x00000007b5680000)
 ParOldGen       total 87552K, used 41503K [0x0000000740000000, 0x0000000745580000, 0x0000000795580000)
  object space 87552K, 47% used [0x0000000740000000,0x0000000742887c98,0x0000000745580000)
 Metaspace       used 15112K, capacity 15424K, committed 15616K, reserved 1062912K
  class space    used 1610K, capacity 1715K, committed 1792K, reserved 1048576K
}
Event: 2185.987 GC heap before
{Heap before GC invocations=13091 (full 0):
 PSYoungGen      total 154112K, used 153760K [0x0000000795580000, 0x00000007b5700000, 0x00000007c0000000)
  eden space 153600K, 100% used [0x0000000795580000,0x000000079eb80000,0x000000079eb80000)
  from space 512K, 31% used [0x00000007b5680000,0x00000007b56a8000,0x00000007b5700000)
  to   space 512K, 0% used [0x00000007b5600000,0x00000007b5600000,0x00000007b5680000)
 ParOldGen       total 87552K, used 41503K [0x0000000740000000, 0x0000000745580000, 0x0000000795580000)
  object space 87552K, 47% used [0x0000000740000000,0x0000000742887c98,0x0000000745580000)
 Metaspace       used 15112K, capacity 15424K, committed 15616K, reserved 1062912K
  class space    used 1610K, capacity 1715K, committed 1792K, reserved 1048576K
Event: 2185.999 GC heap after
Heap after GC invocations=13091 (full 0):
 PSYoungGen      total 147968K, used 128K [0x0000000795580000, 0x00000007b5700000, 0x00000007c0000000)
  eden space 147456K, 0% used [0x0000000795580000,0x0000000795580000,0x000000079e580000)
  from space 512K, 25% used [0x00000007b5600000,0x00000007b5620000,0x00000007b5680000)
  to   space 512K, 0% used [0x00000007b5680000,0x00000007b5680000,0x00000007b5700000)
 ParOldGen       total 87552K, used 41503K [0x0000000740000000, 0x0000000745580000, 0x0000000795580000)
  object space 87552K, 47% used [0x0000000740000000,0x0000000742887c98,0x0000000745580000)
 Metaspace       used 15112K, capacity 15424K, committed 15616K, reserved 1062912K
  class space    used 1610K, capacity 1715K, committed 1792K, reserved 1048576K
}

